client/app/build/intermediates/manifest_merge_blame_file/release/processReleaseMainManifest/manifest-merger-blame-release-report.txt
1<?xml version="1.0" encoding="utf-8"?>
2<!--
3    Copyright 2019 Google Inc. All Rights Reserved.
4
5     Licensed under the Apache License, Version 2.0 (the "License");
6     you may not use this file except in compliance with the License.
7     You may obtain a copy of the License at
8
9         http://www.apache.org/licenses/LICENSE-2.0
10
11     Unless required by applicable law or agreed to in writing, software
12     distributed under the License is distributed on an "AS IS" BASIS,
13     WITHOUT WARRANTIES OR CONDITIONS OF ANY KIND, either express or implied.
14     See the License for the specific language governing permissions and
15     limitations under the License.
16-->
17<!--
18 The "package" attribute is rewritten by the Gradle build with the value of applicationId.
19     It is still required here, as it is used to derive paths, for instance when referring
20     to an Activity by ".MyActivity" instead of the full name. If more Activities are added to the
21     application, the package attribute will need to reflect the correct path in order to use
22     the abbreviated format.
23-->
24<manifest xmlns:android="http://schemas.android.com/apk/res/android"
25    package="in.co.rapidrecap.www.twa"
26    android:versionCode="1"
27    android:versionName="1" >
28
29    <uses-sdk
30        android:minSdkVersion="19"
31        android:targetSdkVersion="35" />
32
33    <uses-permission android:name="android.permission.POST_NOTIFICATIONS" />
33-->src/main/AndroidManifest.xml:26:9-80
33-->src/main/AndroidManifest.xml:26:26-78
34
35    <queries>
35-->[com.google.androidbrowserhelper:androidbrowserhelper:2.5.0] AndroidManifest.xml:26:5-34:15
36        <intent>
36-->[com.google.androidbrowserhelper:androidbrowserhelper:2.5.0] AndroidManifest.xml:27:9-33:18
37            <action android:name="android.intent.action.VIEW" />
37-->src/main/AndroidManifest.xml:147:17-68
37-->src/main/AndroidManifest.xml:147:25-66
38
39            <category android:name="android.intent.category.BROWSABLE" />
39-->src/main/AndroidManifest.xml:149:17-77
39-->src/main/AndroidManifest.xml:149:27-75
40
41            <data android:scheme="https" />
41-->src/main/AndroidManifest.xml:150:17-151:54
41-->src/main/AndroidManifest.xml:150:23-45
42        </intent>
43    </queries>
44
45    <application
45-->src/main/AndroidManifest.xml:35:5-194:19
46        android:name="in.co.rapidrecap.www.twa.Application"
46-->src/main/AndroidManifest.xml:36:9-35
47        android:allowBackup="true"
47-->src/main/AndroidManifest.xml:37:9-35
48        android:appComponentFactory="androidx.core.app.CoreComponentFactory"
48-->[androidx.core:core:1.1.0] AndroidManifest.xml:24:18-86
49        android:extractNativeLibs="true"
50        android:icon="@mipmap/ic_launcher"
50-->src/main/AndroidManifest.xml:38:9-43
51        android:label="@string/appName"
51-->src/main/AndroidManifest.xml:39:9-40
52        android:manageSpaceActivity="com.google.androidbrowserhelper.trusted.ManageDataLauncherActivity"
52-->src/main/AndroidManifest.xml:41:9-105
53        android:supportsRtl="true"
53-->src/main/AndroidManifest.xml:43:9-35
54        android:theme="@android:style/Theme.Translucent.NoTitleBar" >
54-->src/main/AndroidManifest.xml:44:9-68
55        <meta-data
55-->src/main/AndroidManifest.xml:46:9-48:58
56            android:name="asset_statements"
56-->src/main/AndroidManifest.xml:47:13-44
57            android:resource="@string/assetStatements" />
57-->src/main/AndroidManifest.xml:48:13-55
58        <meta-data
58-->src/main/AndroidManifest.xml:51:13-53:58
59            android:name="web_manifest_url"
59-->src/main/AndroidManifest.xml:52:17-48
60            android:value="@string/webManifestUrl" />
60-->src/main/AndroidManifest.xml:53:17-55
61        <meta-data
61-->src/main/AndroidManifest.xml:56:9-58:52
62            android:name="twa_generator"
62-->src/main/AndroidManifest.xml:57:13-41
63            android:value="@string/generatorApp" />
63-->src/main/AndroidManifest.xml:58:13-49
64
65        <activity android:name="com.google.androidbrowserhelper.trusted.ManageDataLauncherActivity" >
65-->src/main/AndroidManifest.xml:65:13-69:24
65-->src/main/AndroidManifest.xml:65:23-104
66            <meta-data
66-->src/main/AndroidManifest.xml:66:13-68:53
67                android:name="android.support.customtabs.trusted.MANAGE_SPACE_URL"
67-->src/main/AndroidManifest.xml:67:17-83
68                android:value="@string/launchUrl" />
68-->src/main/AndroidManifest.xml:68:17-50
69        </activity>
70        <activity
70-->src/main/AndroidManifest.xml:72:9-155:20
71            android:name="in.co.rapidrecap.www.twa.LauncherActivity"
71-->src/main/AndroidManifest.xml:72:19-50
72            android:alwaysRetainTaskState="true"
72-->src/main/AndroidManifest.xml:74:13-49
73            android:exported="true"
73-->src/main/AndroidManifest.xml:77:13-36
74            android:label="@string/launcherName"
74-->src/main/AndroidManifest.xml:76:13-49
75            android:screenOrientation="unspecified"
75-->src/main/AndroidManifest.xml:75:13-52
76            android:theme="@style/SplashTheme" >
76-->src/main/AndroidManifest.xml:73:9-43
77            <intent-filter>
77-->src/main/AndroidManifest.xml:78:13-81:21
78                <action android:name="android.intent.action.MAIN" />
78-->src/main/AndroidManifest.xml:79:9-61
78-->src/main/AndroidManifest.xml:79:17-58
79
80                <category android:name="android.intent.category.LAUNCHER" />
80-->src/main/AndroidManifest.xml:80:9-69
80-->src/main/AndroidManifest.xml:80:19-66
81            </intent-filter>
82
83            <meta-data
83-->src/main/AndroidManifest.xml:82:13-83:53
84                android:name="android.support.customtabs.trusted.DEFAULT_URL"
84-->src/main/AndroidManifest.xml:82:24-85
85                android:value="@string/launchUrl" />
85-->src/main/AndroidManifest.xml:83:17-50
86            <meta-data
86-->src/main/AndroidManifest.xml:85:13-87:58
87                android:name="android.support.customtabs.trusted.STATUS_BAR_COLOR"
87-->src/main/AndroidManifest.xml:86:17-83
88                android:resource="@color/colorPrimary" />
88-->src/main/AndroidManifest.xml:87:17-55
89            <meta-data
89-->src/main/AndroidManifest.xml:89:13-91:62
90                android:name="android.support.customtabs.trusted.STATUS_BAR_COLOR_DARK"
90-->src/main/AndroidManifest.xml:90:17-88
91                android:resource="@color/colorPrimaryDark" />
91-->src/main/AndroidManifest.xml:91:17-59
92            <meta-data
92-->src/main/AndroidManifest.xml:93:13-95:61
93                android:name="android.support.customtabs.trusted.NAVIGATION_BAR_COLOR"
93-->src/main/AndroidManifest.xml:94:17-87
94                android:resource="@color/navigationColor" />
94-->src/main/AndroidManifest.xml:95:17-58
95            <meta-data
95-->src/main/AndroidManifest.xml:97:13-99:65
96                android:name="android.support.customtabs.trusted.NAVIGATION_BAR_COLOR_DARK"
96-->src/main/AndroidManifest.xml:98:17-92
97                android:resource="@color/navigationColorDark" />
97-->src/main/AndroidManifest.xml:99:17-62
98            <meta-data
98-->src/main/AndroidManifest.xml:101:13-103:68
99                android:name="androix.browser.trusted.NAVIGATION_BAR_DIVIDER_COLOR"
99-->src/main/AndroidManifest.xml:102:17-84
100                android:resource="@color/navigationDividerColor" />
100-->src/main/AndroidManifest.xml:103:17-65
101            <meta-data
101-->src/main/AndroidManifest.xml:105:13-107:72
102                android:name="androix.browser.trusted.NAVIGATION_BAR_DIVIDER_COLOR_DARK"
102-->src/main/AndroidManifest.xml:106:17-89
103                android:resource="@color/navigationDividerColorDark" />
103-->src/main/AndroidManifest.xml:107:17-69
104            <meta-data
104-->src/main/AndroidManifest.xml:109:13-111:54
105                android:name="android.support.customtabs.trusted.SPLASH_IMAGE_DRAWABLE"
105-->src/main/AndroidManifest.xml:110:9-80
106                android:resource="@drawable/splash_screen" />
106-->src/main/AndroidManifest.xml:111:9-51
107            <meta-data
107-->src/main/AndroidManifest.xml:112:5-114:39
108                android:name="android.support.customtabs.trusted.SPLASH_SCREEN_FILL_TYPE"
108-->src/main/AndroidManifest.xml:113:9-82
109                android:value="scaleToFill" />
109-->src/main/AndroidManifest.xml:114:9-36
110
111            <!-- <meta-data android:name="android.support.customtabs.trusted.SPLASH_SCREEN_BACKGROUND_COLOR" -->
112            <!-- android:resource="@color/backgroundColor"/> -->
113
114            <meta-data
114-->src/main/AndroidManifest.xml:119:13-120:71
115                android:name="android.support.customtabs.trusted.SPLASH_SCREEN_FADE_OUT_DURATION"
115-->src/main/AndroidManifest.xml:119:24-105
116                android:value="@integer/splashScreenFadeOutDuration" />
116-->src/main/AndroidManifest.xml:120:17-69
117            <meta-data
117-->src/main/AndroidManifest.xml:122:13-123:60
118                android:name="android.support.customtabs.trusted.FILE_PROVIDER_AUTHORITY"
118-->src/main/AndroidManifest.xml:122:24-97
119                android:value="@string/providerAuthority" />
119-->src/main/AndroidManifest.xml:123:17-58
120            <meta-data
120-->src/main/AndroidManifest.xml:125:13-97
121                android:name="android.app.shortcuts"
121-->src/main/AndroidManifest.xml:125:24-60
122                android:resource="@xml/shortcuts" />
122-->src/main/AndroidManifest.xml:125:61-94
123            <meta-data
123-->src/main/AndroidManifest.xml:127:13-128:56
124                android:name="android.support.customtabs.trusted.FALLBACK_STRATEGY"
124-->src/main/AndroidManifest.xml:127:24-91
125                android:value="@string/fallbackType" />
125-->src/main/AndroidManifest.xml:128:17-53
126            <meta-data
126-->src/main/AndroidManifest.xml:134:13-135:54
127                android:name="android.support.customtabs.trusted.SCREEN_ORIENTATION"
127-->src/main/AndroidManifest.xml:134:24-92
128                android:value="@string/orientation" />
128-->src/main/AndroidManifest.xml:135:17-52
129
130            <intent-filter>
130-->src/main/AndroidManifest.xml:78:13-81:21
131                <action android:name="android.intent.action.MAIN" />
131-->src/main/AndroidManifest.xml:79:9-61
131-->src/main/AndroidManifest.xml:79:17-58
132
133                <category android:name="android.intent.category.LAUNCHER" />
133-->src/main/AndroidManifest.xml:80:9-69
133-->src/main/AndroidManifest.xml:80:19-66
134            </intent-filter>
135            <intent-filter android:autoVerify="true" >
135-->src/main/AndroidManifest.xml:146:13-152:29
135-->src/main/AndroidManifest.xml:146:28-53
136                <action android:name="android.intent.action.VIEW" />
136-->src/main/AndroidManifest.xml:147:17-68
136-->src/main/AndroidManifest.xml:147:25-66
137
138                <category android:name="android.intent.category.DEFAULT" />
138-->src/main/AndroidManifest.xml:148:17-76
138-->src/main/AndroidManifest.xml:148:27-73
139                <category android:name="android.intent.category.BROWSABLE" />
139-->src/main/AndroidManifest.xml:149:17-77
139-->src/main/AndroidManifest.xml:149:27-75
140
141                <data
141-->src/main/AndroidManifest.xml:150:17-151:54
142                    android:host="@string/hostName"
142-->src/main/AndroidManifest.xml:151:21-52
143                    android:scheme="https" />
143-->src/main/AndroidManifest.xml:150:23-45
144            </intent-filter>
145        </activity>
146        <activity android:name="com.google.androidbrowserhelper.trusted.FocusActivity" />
146-->src/main/AndroidManifest.xml:157:9-90
146-->src/main/AndroidManifest.xml:157:19-87
147        <activity
147-->src/main/AndroidManifest.xml:159:9-160:62
148            android:name="com.google.androidbrowserhelper.trusted.WebViewFallbackActivity"
148-->src/main/AndroidManifest.xml:159:19-97
149            android:configChanges="orientation|screenSize" />
149-->src/main/AndroidManifest.xml:160:13-59
150
151        <provider
151-->src/main/AndroidManifest.xml:162:9-170:20
152            android:name="androidx.core.content.FileProvider"
152-->src/main/AndroidManifest.xml:163:13-62
153            android:authorities="@string/providerAuthority"
153-->src/main/AndroidManifest.xml:164:13-60
154            android:exported="false"
154-->src/main/AndroidManifest.xml:166:13-37
155            android:grantUriPermissions="true" >
155-->src/main/AndroidManifest.xml:165:13-47
156            <meta-data
156-->src/main/AndroidManifest.xml:167:13-169:53
157                android:name="android.support.FILE_PROVIDER_PATHS"
157-->src/main/AndroidManifest.xml:168:17-67
158                android:resource="@xml/filepaths" />
158-->src/main/AndroidManifest.xml:169:17-50
159        </provider>
160
161        <service
161-->src/main/AndroidManifest.xml:172:9-187:19
162            android:name="in.co.rapidrecap.www.twa.DelegationService"
162-->src/main/AndroidManifest.xml:173:13-46
163            android:enabled="@bool/enableNotification"
163-->src/main/AndroidManifest.xml:174:13-55
164            android:exported="@bool/enableNotification" >
164-->src/main/AndroidManifest.xml:175:13-56
165            <meta-data
165-->src/main/AndroidManifest.xml:178:17-180:73
166                android:name="android.support.customtabs.trusted.SMALL_ICON"
166-->src/main/AndroidManifest.xml:179:21-81
167                android:resource="@drawable/ic_notification_icon" />
167-->src/main/AndroidManifest.xml:180:21-70
168
169            <intent-filter>
169-->src/main/AndroidManifest.xml:183:13-186:29
170                <action android:name="android.support.customtabs.trusted.TRUSTED_WEB_ACTIVITY_SERVICE" />
170-->src/main/AndroidManifest.xml:184:17-105
170-->src/main/AndroidManifest.xml:184:25-103
171
172                <category android:name="android.intent.category.DEFAULT" />
172-->src/main/AndroidManifest.xml:148:17-76
172-->src/main/AndroidManifest.xml:148:27-73
173            </intent-filter>
174        </service>
175
176        <activity android:name="com.google.androidbrowserhelper.trusted.NotificationPermissionRequestActivity" />
176-->src/main/AndroidManifest.xml:190:13-118
176-->src/main/AndroidManifest.xml:190:23-115
177    </application>
178
179</manifest>